<?xml version="1.0" encoding="UTF-8"?>
<!-- Generated by org.testng.reporters.JUnitXMLReporter -->
<testsuite ignored="2" hostname="LAPTOP-A1FDKG3" failures="0" tests="2" name="Surefire test" time="8.997" errors="0" timestamp="2021-03-12T15:23:32 PST">
  <testcase classname="automationChallenge.ProductsPageTest" name="validateAddToCart" time="0.404"/>
  <testcase classname="automationChallenge.ProductsPageTest" name="validateAddToCart" time="5.323"/>
  <testcase classname="automationChallenge.ProductsPageTest" name="validateTestAllThingsTshirt" time="0.0">
    <ignored/>
  </testcase> <!-- validateTestAllThingsTshirt -->
  <testcase classname="automationChallenge.ProductsPageTest" name="validateRemoveFromCart" time="0.0">
    <ignored/>
  </testcase> <!-- validateRemoveFromCart -->
</testsuite> <!-- Surefire test -->
