<?xml version="1.0" encoding="UTF-8"?>
<!-- Generated by org.testng.reporters.JUnitXMLReporter -->
<testsuite ignored="0" hostname="LAPTOP-A1FDKG3" failures="0" tests="2" name="Validating Pony Express Image" time="12.88" errors="0" timestamp="2021-03-12T23:03:19 PST">
  <testcase classname="automationChallenge.FinishPageTest" name="verifyPonyExpressImage" time="1.487"/>
  <testcase classname="automationChallenge.FinishPageTest" name="verifyPonyExpressImage" time="6.262"/>
</testsuite> <!-- Validating Pony Express Image -->
