<?xml version="1.0" encoding="UTF-8"?>
<!-- Generated by org.testng.reporters.JUnitXMLReporter -->
<testsuite ignored="0" hostname="LAPTOP-A1FDKG3" failures="0" tests="6" name="Validating Add To and Remove From Cart" time="33.816" errors="0" timestamp="2021-03-12T23:02:54 PST">
  <testcase classname="automationChallenge.ProductsPageTest" name="addItemsToCart" time="0.77"/>
  <testcase classname="automationChallenge.ProductsPageTest" name="addItemsToCart" time="5.452"/>
  <testcase classname="automationChallenge.ProductsPageTest" name="removeItemsFromCart" time="0.611"/>
  <testcase classname="automationChallenge.ProductsPageTest" name="removeItemsFromCart" time="5.638"/>
  <testcase classname="automationChallenge.ProductsPageTest" name="verifyTestAllThingsShirt" time="0.496"/>
  <testcase classname="automationChallenge.ProductsPageTest" name="verifyTestAllThingsShirt" time="5.465"/>
</testsuite> <!-- Validating Add To and Remove From Cart -->
