<?xml version="1.0" encoding="UTF-8"?>
<!-- Generated by org.testng.reporters.JUnitXMLReporter -->
<testsuite ignored="0" hostname="LAPTOP-A1FDKG3" failures="0" tests="6" name="Validating User Login" time="8.289" errors="0" timestamp="2021-03-11T13:32:32 PST">
  <testcase classname="automationChallenge.LoginPageTest" name="validateTitle" time="0.032"/>
  <testcase classname="automationChallenge.LoginPageTest" name="testInvalidLoginAccounts" time="0.236"/>
  <testcase classname="automationChallenge.LoginPageTest" name="testInvalidLoginAccounts" time="0.275"/>
  <testcase classname="automationChallenge.LoginPageTest" name="testValidLoginAccounts" time="0.289"/>
  <testcase classname="automationChallenge.LoginPageTest" name="testValidLoginAccounts" time="0.235"/>
  <testcase classname="automationChallenge.LoginPageTest" name="testValidLoginAccounts" time="5.254"/>
</testsuite> <!-- Validating User Login -->
