<?xml version="1.0" encoding="UTF-8"?>
<!-- Generated by org.testng.reporters.JUnitXMLReporter -->
<testsuite ignored="0" hostname="LAPTOP-A1FDKG3" failures="0" tests="5" name="Validating Title and User Login" time="20.872" errors="0" timestamp="2021-03-12T23:02:20 PST">
  <testcase classname="automationChallenge.LoginPageTest" name="testInvalidLoginAccounts" time="0.337"/>
  <testcase classname="automationChallenge.LoginPageTest" name="testInvalidLoginAccounts" time="0.276"/>
  <testcase classname="automationChallenge.LoginPageTest" name="testValidLoginAccounts" time="0.393"/>
  <testcase classname="automationChallenge.LoginPageTest" name="testValidLoginAccounts" time="5.368"/>
  <testcase classname="automationChallenge.LoginPageTest" name="validateTitle" time="0.021"/>
</testsuite> <!-- Validating Title and User Login -->
