<?xml version="1.0" encoding="UTF-8"?>
<!-- Generated by org.testng.reporters.JUnitXMLReporter -->
<testsuite ignored="0" hostname="LAPTOP-A1FDKG3" failures="0" tests="2" name="Validating Total Price" time="12.598" errors="0" timestamp="2021-03-12T23:03:06 PST">
  <testcase classname="automationChallenge.CheckoutOverviewPageTest" name="verifyTotal" time="1.277"/>
  <testcase classname="automationChallenge.CheckoutOverviewPageTest" name="verifyTotal" time="6.186"/>
</testsuite> <!-- Validating Total Price -->
