-------------------------------------------------------------------------------
Test set: automationChallenge.CheckoutOverviewPageTest
-------------------------------------------------------------------------------
Tests run: 1, Failures: 1, Errors: 0, Skipped: 0, Time elapsed: 3.993 s <<< FAILURE! - in automationChallenge.CheckoutOverviewPageTest
automationChallenge.CheckoutOverviewPageTest.verifyTotal  Time elapsed: 0.007 s  <<< FAILURE!
java.lang.IndexOutOfBoundsException: Index 1 out of bounds for length 1
	at automationChallenge.CheckoutOverviewPageTest.verifyTotal(CheckoutOverviewPageTest.java:65)

