<?xml version="1.0" encoding="UTF-8"?>
<testsuite xmlns:xsi="http://www.w3.org/2001/XMLSchema-instance" xsi:noNamespaceSchemaLocation="https://maven.apache.org/surefire/maven-surefire-plugin/xsd/surefire-test-report-3.0.xsd" version="3.0" name="TestSuite" time="80.561" tests="15" errors="0" skipped="0" failures="0">
  <properties>
[...]
</properties>
  <testcase name="testInvalidLoginAccounts[locked_out_user, secret_sauce](1)" classname="automationChallenge.LoginPageTest" time="0.276">
    <system-err><![CDATA[Starting OperaDriver 88.0.4324.104 (17905c015d3376dee9cce5dd079a3f4fa906e060-refs/branch-heads/4324_96@{#3}) on port 38739
Only local connections are allowed.
Please see https://chromedriver.chromium.org/security-considerations for suggestions on keeping OperaDriver safe.
OperaDriver was started successfully.
Mar 12, 2021 11:02:02 PM org.openqa.selenium.remote.ProtocolHandshake createSession
INFO: Detected dialect: OSS
]]></system-err>
  </testcase>
  <testcase name="testInvalidLoginAccounts[standard_user, secretsauce](2)" classname="automationChallenge.LoginPageTest" time="0.243">
    <system-err><![CDATA[Starting OperaDriver 88.0.4324.104 (17905c015d3376dee9cce5dd079a3f4fa906e060-refs/branch-heads/4324_96@{#3}) on port 37486
Only local connections are allowed.
Please see https://chromedriver.chromium.org/security-considerations for suggestions on keeping OperaDriver safe.
OperaDriver was started successfully.
Mar 12, 2021 11:02:05 PM org.openqa.selenium.remote.ProtocolHandshake createSession
INFO: Detected dialect: OSS
]]></system-err>
  </testcase>
  <testcase name="testValidLoginAccounts[standard_user, secret_sauce](1)" classname="automationChallenge.LoginPageTest" time="0.369">
    <system-err><![CDATA[Starting OperaDriver 88.0.4324.104 (17905c015d3376dee9cce5dd079a3f4fa906e060-refs/branch-heads/4324_96@{#3}) on port 20637
Only local connections are allowed.
Please see https://chromedriver.chromium.org/security-considerations for suggestions on keeping OperaDriver safe.
OperaDriver was started successfully.
Mar 12, 2021 11:02:08 PM org.openqa.selenium.remote.ProtocolHandshake createSession
INFO: Detected dialect: OSS
]]></system-err>
  </testcase>
  <testcase name="testValidLoginAccounts[performance_glitch_user, secret_sauce](2)" classname="automationChallenge.LoginPageTest" time="5.346">
    <system-err><![CDATA[Starting OperaDriver 88.0.4324.104 (17905c015d3376dee9cce5dd079a3f4fa906e060-refs/branch-heads/4324_96@{#3}) on port 1252
Only local connections are allowed.
Please see https://chromedriver.chromium.org/security-considerations for suggestions on keeping OperaDriver safe.
OperaDriver was started successfully.
Mar 12, 2021 11:02:11 PM org.openqa.selenium.remote.ProtocolHandshake createSession
INFO: Detected dialect: OSS
]]></system-err>
  </testcase>
  <testcase name="validateTitle" classname="automationChallenge.LoginPageTest" time="0">
    <system-err><![CDATA[Starting OperaDriver 88.0.4324.104 (17905c015d3376dee9cce5dd079a3f4fa906e060-refs/branch-heads/4324_96@{#3}) on port 36395
Only local connections are allowed.
Please see https://chromedriver.chromium.org/security-considerations for suggestions on keeping OperaDriver safe.
OperaDriver was started successfully.
Mar 12, 2021 11:02:19 PM org.openqa.selenium.remote.ProtocolHandshake createSession
INFO: Detected dialect: OSS
]]></system-err>
  </testcase>
  <testcase name="addItemsToCart[standard_user, secret_sauce](1)" classname="automationChallenge.ProductsPageTest" time="0.739">
    <system-err><![CDATA[Starting OperaDriver 88.0.4324.104 (17905c015d3376dee9cce5dd079a3f4fa906e060-refs/branch-heads/4324_96@{#3}) on port 43246
Only local connections are allowed.
Please see https://chromedriver.chromium.org/security-considerations for suggestions on keeping OperaDriver safe.
OperaDriver was started successfully.
Mar 12, 2021 11:02:21 PM org.openqa.selenium.remote.ProtocolHandshake createSession
INFO: Detected dialect: OSS
]]></system-err>
  </testcase>
  <testcase name="addItemsToCart[performance_glitch_user, secret_sauce](2)" classname="automationChallenge.ProductsPageTest" time="5.439">
    <system-err><![CDATA[Starting OperaDriver 88.0.4324.104 (17905c015d3376dee9cce5dd079a3f4fa906e060-refs/branch-heads/4324_96@{#3}) on port 2772
Only local connections are allowed.
Please see https://chromedriver.chromium.org/security-considerations for suggestions on keeping OperaDriver safe.
OperaDriver was started successfully.
Mar 12, 2021 11:02:25 PM org.openqa.selenium.remote.ProtocolHandshake createSession
INFO: Detected dialect: OSS
]]></system-err>
  </testcase>
  <testcase name="removeItemsFromCart[standard_user, secret_sauce](1)" classname="automationChallenge.ProductsPageTest" time="0.593">
    <system-err><![CDATA[Starting OperaDriver 88.0.4324.104 (17905c015d3376dee9cce5dd079a3f4fa906e060-refs/branch-heads/4324_96@{#3}) on port 43937
Only local connections are allowed.
Please see https://chromedriver.chromium.org/security-considerations for suggestions on keeping OperaDriver safe.
OperaDriver was started successfully.
Mar 12, 2021 11:02:33 PM org.openqa.selenium.remote.ProtocolHandshake createSession
INFO: Detected dialect: OSS
]]></system-err>
  </testcase>
  <testcase name="removeItemsFromCart[performance_glitch_user, secret_sauce](2)" classname="automationChallenge.ProductsPageTest" time="5.612">
    <system-err><![CDATA[Starting OperaDriver 88.0.4324.104 (17905c015d3376dee9cce5dd079a3f4fa906e060-refs/branch-heads/4324_96@{#3}) on port 23098
Only local connections are allowed.
Please see https://chromedriver.chromium.org/security-considerations for suggestions on keeping OperaDriver safe.
OperaDriver was started successfully.
Mar 12, 2021 11:02:36 PM org.openqa.selenium.remote.ProtocolHandshake createSession
INFO: Detected dialect: OSS
]]></system-err>
  </testcase>
  <testcase name="verifyTestAllThingsShirt[standard_user, secret_sauce](1)" classname="automationChallenge.ProductsPageTest" time="0.475">
    <system-err><![CDATA[Starting OperaDriver 88.0.4324.104 (17905c015d3376dee9cce5dd079a3f4fa906e060-refs/branch-heads/4324_96@{#3}) on port 10035
Only local connections are allowed.
Please see https://chromedriver.chromium.org/security-considerations for suggestions on keeping OperaDriver safe.
OperaDriver was started successfully.
Mar 12, 2021 11:02:44 PM org.openqa.selenium.remote.ProtocolHandshake createSession
INFO: Detected dialect: OSS
]]></system-err>
  </testcase>
  <testcase name="verifyTestAllThingsShirt[performance_glitch_user, secret_sauce](2)" classname="automationChallenge.ProductsPageTest" time="5.452">
    <system-err><![CDATA[Starting OperaDriver 88.0.4324.104 (17905c015d3376dee9cce5dd079a3f4fa906e060-refs/branch-heads/4324_96@{#3}) on port 21793
Only local connections are allowed.
Please see https://chromedriver.chromium.org/security-considerations for suggestions on keeping OperaDriver safe.
OperaDriver was started successfully.
Mar 12, 2021 11:02:47 PM org.openqa.selenium.remote.ProtocolHandshake createSession
INFO: Detected dialect: OSS
]]></system-err>
  </testcase>
  <testcase name="verifyTotal[standard_user, secret_sauce](1)" classname="automationChallenge.CheckoutOverviewPageTest" time="1.251">
    <system-err><![CDATA[Starting OperaDriver 88.0.4324.104 (17905c015d3376dee9cce5dd079a3f4fa906e060-refs/branch-heads/4324_96@{#3}) on port 12780
Only local connections are allowed.
Please see https://chromedriver.chromium.org/security-considerations for suggestions on keeping OperaDriver safe.
OperaDriver was started successfully.
Mar 12, 2021 11:02:55 PM org.openqa.selenium.remote.ProtocolHandshake createSession
INFO: Detected dialect: OSS
]]></system-err>
  </testcase>
  <testcase name="verifyTotal[performance_glitch_user, secret_sauce](2)" classname="automationChallenge.CheckoutOverviewPageTest" time="6.152">
    <system-err><![CDATA[Starting OperaDriver 88.0.4324.104 (17905c015d3376dee9cce5dd079a3f4fa906e060-refs/branch-heads/4324_96@{#3}) on port 42269
Only local connections are allowed.
Please see https://chromedriver.chromium.org/security-considerations for suggestions on keeping OperaDriver safe.
OperaDriver was started successfully.
Mar 12, 2021 11:02:59 PM org.openqa.selenium.remote.ProtocolHandshake createSession
INFO: Detected dialect: OSS
]]></system-err>
  </testcase>
  <testcase name="verifyPonyExpressImage[standard_user, secret_sauce](1)" classname="automationChallenge.FinishPageTest" time="1.471">
    <system-err><![CDATA[Starting OperaDriver 88.0.4324.104 (17905c015d3376dee9cce5dd079a3f4fa906e060-refs/branch-heads/4324_96@{#3}) on port 48310
Only local connections are allowed.
Please see https://chromedriver.chromium.org/security-considerations for suggestions on keeping OperaDriver safe.
OperaDriver was started successfully.
Mar 12, 2021 11:03:08 PM org.openqa.selenium.remote.ProtocolHandshake createSession
INFO: Detected dialect: OSS
]]></system-err>
  </testcase>
  <testcase name="verifyPonyExpressImage[performance_glitch_user, secret_sauce](2)" classname="automationChallenge.FinishPageTest" time="6.244">
    <system-err><![CDATA[Starting OperaDriver 88.0.4324.104 (17905c015d3376dee9cce5dd079a3f4fa906e060-refs/branch-heads/4324_96@{#3}) on port 48137
Only local connections are allowed.
Please see https://chromedriver.chromium.org/security-considerations for suggestions on keeping OperaDriver safe.
OperaDriver was started successfully.
Mar 12, 2021 11:03:12 PM org.openqa.selenium.remote.ProtocolHandshake createSession
INFO: Detected dialect: OSS
]]></system-err>
  </testcase>
</testsuite>