<?xml version="1.0" encoding="UTF-8"?>
<testsuite xmlns:xsi="http://www.w3.org/2001/XMLSchema-instance" xsi:noNamespaceSchemaLocation="https://maven.apache.org/surefire/maven-surefire-plugin/xsd/surefire-test-report-3.0.xsd" version="3.0" name="automationChallenge.LoginPageTest" time="9.785" tests="5" errors="0" skipped="0" failures="0">
  <properties>
[...]
</properties>
  <testcase name="validateTitle" classname="automationChallenge.LoginPageTest" time="0">
    <system-err><![CDATA[Starting ChromeDriver 89.0.4389.23 (61b08ee2c50024bab004e48d2b1b083cdbdac579-refs/branch-heads/4389@{#294}) on port 1801
Only local connections are allowed.
Please see https://chromedriver.chromium.org/security-considerations for suggestions on keeping ChromeDriver safe.
ChromeDriver was started successfully.
Mar 12, 2021 11:01:47 AM org.openqa.selenium.remote.ProtocolHandshake createSession
INFO: Detected dialect: W3C
]]></system-err>
  </testcase>
  <testcase name="testInvalidLoginAccounts[locked_out_user, secret_sauce](1)" classname="automationChallenge.LoginPageTest" time="0.392"/>
  <testcase name="testInvalidLoginAccounts[standard_user, secretsauce](2)" classname="automationChallenge.LoginPageTest" time="0.388"/>
  <testcase name="testValidLoginAccounts[standard_user, secret_sauce](1)" classname="automationChallenge.LoginPageTest" time="0.358">
    <system-out><![CDATA[login test
]]></system-out>
  </testcase>
  <testcase name="testValidLoginAccounts[performance_glitch_user, secret_sauce](2)" classname="automationChallenge.LoginPageTest" time="5.383">
    <system-out><![CDATA[login test
]]></system-out>
  </testcase>
</testsuite>