<?xml version="1.0" encoding="UTF-8"?>
<testng-results ignored="0" total="2" passed="2" failed="0" skipped="0">
  <reporter-output>
  </reporter-output>
  <suite started-at="2021-03-12T22:31:39 PST" name="Default suite" finished-at="2021-03-12T22:31:50 PST" duration-ms="11497">
    <groups>
    </groups>
    <test started-at="2021-03-12T22:31:39 PST" name="Default test" finished-at="2021-03-12T22:31:50 PST" duration-ms="11497">
      <class name="automationChallenge.ProductsPageTest">
        <test-method is-config="true" signature="initialize()[pri:0, instance:automationChallenge.ProductsPageTest@15b204a1]" started-at="2021-03-12T22:31:39 PST" name="initialize" finished-at="2021-03-12T22:31:41 PST" duration-ms="2044" status="PASS">
          <reporter-output>
          </reporter-output>
        </test-method> <!-- initialize -->
        <test-method signature="removeItemsFromCart(java.lang.String, java.lang.String)[pri:0, instance:automationChallenge.ProductsPageTest@15b204a1]" started-at="2021-03-12T22:31:41 PST" name="removeItemsFromCart" data-provider="valid" finished-at="2021-03-12T22:31:41 PST" duration-ms="671" status="PASS">
          <params>
            <param index="0">
              <value>
                <![CDATA[standard_user]]>
              </value>
            </param>
            <param index="1">
              <value>
                <![CDATA[secret_sauce]]>
              </value>
            </param>
          </params>
          <reporter-output>
          </reporter-output>
        </test-method> <!-- removeItemsFromCart -->
        <test-method is-config="true" signature="tearDown()[pri:0, instance:automationChallenge.ProductsPageTest@15b204a1]" started-at="2021-03-12T22:31:41 PST" name="tearDown" finished-at="2021-03-12T22:31:42 PST" duration-ms="668" status="PASS">
          <reporter-output>
          </reporter-output>
        </test-method> <!-- tearDown -->
        <test-method is-config="true" signature="initialize()[pri:0, instance:automationChallenge.ProductsPageTest@15b204a1]" started-at="2021-03-12T22:31:42 PST" name="initialize" finished-at="2021-03-12T22:31:44 PST" duration-ms="1709" status="PASS">
          <reporter-output>
          </reporter-output>
        </test-method> <!-- initialize -->
        <test-method signature="removeItemsFromCart(java.lang.String, java.lang.String)[pri:0, instance:automationChallenge.ProductsPageTest@15b204a1]" started-at="2021-03-12T22:31:44 PST" name="removeItemsFromCart" data-provider="valid" finished-at="2021-03-12T22:31:49 PST" duration-ms="5667" status="PASS">
          <params>
            <param index="0">
              <value>
                <![CDATA[performance_glitch_user]]>
              </value>
            </param>
            <param index="1">
              <value>
                <![CDATA[secret_sauce]]>
              </value>
            </param>
          </params>
          <reporter-output>
          </reporter-output>
        </test-method> <!-- removeItemsFromCart -->
        <test-method is-config="true" signature="tearDown()[pri:0, instance:automationChallenge.ProductsPageTest@15b204a1]" started-at="2021-03-12T22:31:49 PST" name="tearDown" finished-at="2021-03-12T22:31:50 PST" duration-ms="695" status="PASS">
          <reporter-output>
          </reporter-output>
        </test-method> <!-- tearDown -->
      </class> <!-- automationChallenge.ProductsPageTest -->
    </test> <!-- Default test -->
  </suite> <!-- Default suite -->
</testng-results>
